<?xml version="1.0" encoding="UTF-8"?>
<!-- Generated by org.testng.reporters.JUnitXMLReporter -->
<testsuite hostname="LAPTOP-7DFPOSF2" ignored="0" name="Default test" tests="3" failures="0" timestamp="2020-05-30T14:07:36 EDT" time="30.581" errors="0">
  <testcase name="emptyUsername" time="0.315" classname="com.hrms.testcases.LoginTest"/>
  <testcase name="invalidAdminLogin" time="3.763" classname="com.hrms.testcases.LoginTest"/>
  <testcase name="validAdminLogin" time="4.128" classname="com.hrms.testcases.LoginTest"/>
</testsuite> <!-- Default test -->
