<?xml version="1.0" encoding="UTF-8"?>
<!-- Generated by org.testng.reporters.JUnitXMLReporter -->
<testsuite hostname="LAPTOP-7DFPOSF2" ignored="8" name="Regression Test" tests="2" failures="0" timestamp="2020-06-02T20:26:36 EDT" time="21.97" errors="0">
  <testcase name="emptyUsername" time="0.735" classname="com.hrms.testcases.LoginTest"/>
  <testcase name="invalidAdminLogin" time="4.124" classname="com.hrms.testcases.LoginTest"/>
  <testcase name="timeStamp" time="0.0" classname="com.hrms.testcases.LoginTest">
    <ignored/>
  </testcase> <!-- timeStamp -->
  <testcase name="@BeforeTest generateReport" time="0.0" classname="com.hrms.testbase.BaseClass">
    <ignored/>
  </testcase> <!-- @BeforeTest generateReport -->
  <testcase name="@BeforeTest generateReport" time="0.0" classname="com.hrms.testbase.BaseClass">
    <ignored/>
  </testcase> <!-- @BeforeTest generateReport -->
  <testcase name="createReport" time="0.0" classname="com.hrms.testcases.AddReport">
    <ignored/>
  </testcase> <!-- createReport -->
  <testcase name="loginTest" time="0.0" classname="com.hrms.testcases.AddEmployeeTest">
    <ignored/>
  </testcase> <!-- loginTest -->
  <testcase name="@AfterTest writeReport" time="0.0" classname="com.hrms.testbase.BaseClass">
    <ignored/>
  </testcase> <!-- @AfterTest writeReport -->
  <testcase name="@AfterTest writeReport" time="0.0" classname="com.hrms.testbase.BaseClass">
    <ignored/>
  </testcase> <!-- @AfterTest writeReport -->
  <testcase name="validAdminLogin" time="0.0" classname="com.hrms.testcases.LoginTest">
    <ignored/>
  </testcase> <!-- validAdminLogin -->
</testsuite> <!-- Regression Test -->
