<?xml version="1.0" encoding="UTF-8"?>
<testng-results skipped="0" failed="0" ignored="8" total="10" passed="2">
  <reporter-output>
  </reporter-output>
  <suite name="Regression Suite" duration-ms="21970" started-at="2020-06-02T20:26:14 EDT" finished-at="2020-06-02T20:26:36 EDT">
    <groups>
      <group name="regression">
        <method signature="LoginTest.emptyUsername()[pri:0, instance:com.hrms.testcases.LoginTest@bd8db5a]" name="emptyUsername" class="com.hrms.testcases.LoginTest"/>
        <method signature="LoginTest.invalidAdminLogin()[pri:0, instance:com.hrms.testcases.LoginTest@bd8db5a]" name="invalidAdminLogin" class="com.hrms.testcases.LoginTest"/>
      </group> <!-- regression -->
    </groups>
    <test name="Regression Test" duration-ms="21970" started-at="2020-06-02T20:26:14 EDT" finished-at="2020-06-02T20:26:36 EDT">
      <class name="com.hrms.testcases.LoginTest">
        <test-method status="PASS" signature="setUp()[pri:0, instance:com.hrms.testcases.LoginTest@bd8db5a]" name="setUp" is-config="true" duration-ms="9559" started-at="2020-06-02T20:26:14 EDT" finished-at="2020-06-02T20:26:24 EDT">
          <reporter-output>
          </reporter-output>
        </test-method> <!-- setUp -->
        <test-method status="PASS" signature="emptyUsername()[pri:0, instance:com.hrms.testcases.LoginTest@bd8db5a]" name="emptyUsername" duration-ms="735" started-at="2020-06-02T20:26:24 EDT" finished-at="2020-06-02T20:26:25 EDT">
          <reporter-output>
          </reporter-output>
        </test-method> <!-- emptyUsername -->
        <test-method status="PASS" signature="tearDown()[pri:0, instance:com.hrms.testcases.LoginTest@bd8db5a]" name="tearDown" is-config="true" duration-ms="597" started-at="2020-06-02T20:26:25 EDT" finished-at="2020-06-02T20:26:26 EDT">
          <reporter-output>
          </reporter-output>
        </test-method> <!-- tearDown -->
        <test-method status="PASS" signature="setUp()[pri:0, instance:com.hrms.testcases.LoginTest@bd8db5a]" name="setUp" is-config="true" duration-ms="5050" started-at="2020-06-02T20:26:26 EDT" finished-at="2020-06-02T20:26:31 EDT">
          <reporter-output>
          </reporter-output>
        </test-method> <!-- setUp -->
        <test-method status="PASS" signature="invalidAdminLogin()[pri:0, instance:com.hrms.testcases.LoginTest@bd8db5a]" name="invalidAdminLogin" duration-ms="4124" started-at="2020-06-02T20:26:31 EDT" finished-at="2020-06-02T20:26:35 EDT">
          <reporter-output>
          </reporter-output>
        </test-method> <!-- invalidAdminLogin -->
        <test-method status="PASS" signature="tearDown()[pri:0, instance:com.hrms.testcases.LoginTest@bd8db5a]" name="tearDown" is-config="true" duration-ms="594" started-at="2020-06-02T20:26:35 EDT" finished-at="2020-06-02T20:26:36 EDT">
          <reporter-output>
          </reporter-output>
        </test-method> <!-- tearDown -->
      </class> <!-- com.hrms.testcases.LoginTest -->
      <class name="com.hrms.testcases.AddEmployeeTest">
        <test-method status="PASS" signature="generateReport()[pri:0, instance:com.hrms.testcases.AddEmployeeTest@33c7e1bb]" name="generateReport" is-config="true" duration-ms="119" started-at="2020-06-02T20:26:14 EDT" finished-at="2020-06-02T20:26:14 EDT">
          <reporter-output>
          </reporter-output>
        </test-method> <!-- generateReport -->
        <test-method status="PASS" signature="writeReport()[pri:0, instance:com.hrms.testcases.AddEmployeeTest@33c7e1bb]" name="writeReport" is-config="true" duration-ms="298" started-at="2020-06-02T20:26:36 EDT" finished-at="2020-06-02T20:26:36 EDT">
          <reporter-output>
          </reporter-output>
        </test-method> <!-- writeReport -->
      </class> <!-- com.hrms.testcases.AddEmployeeTest -->
    </test> <!-- Regression Test -->
  </suite> <!-- Regression Suite -->
</testng-results>
